Reading makefiles...
Updating goal targets....
 File 'dist' does not exist.
Must remake target 'dist'.
tools/make/RULES_CDB:8: target 'dist' does not exist
##>>>>>>>>>>>>>>>>>>>>>>>>>>>>>>>>>>>>>>>>>>>>>>>>>>>>>>>>
for d in src; do remake -C $d ; done
##<<<<<<<<<<<<<<<<<<<<<<<<<<<<<<<<<<<<<<<<<<<<<<<<<<<<<<<<
Reading makefiles...
Updating goal targets....
 File 'all' does not exist.
Must remake target 'all'.
remake[1]: Entering directory '/home/jhlee/gitsrc/ComponentDB-env/ComponentDB-src/src'
../tools/make/RULES_CDB:5: target 'all' does not exist
##>>>>>>>>>>>>>>>>>>>>>>>>>>>>>>>>>>>>>>>>>>>>>>>>>>>>>>>>
for d in java python; do remake -C $d ; done
##<<<<<<<<<<<<<<<<<<<<<<<<<<<<<<<<<<<<<<<<<<<<<<<<<<<<<<<<
Reading makefiles...
Updating goal targets....
 File 'all' does not exist.
Must remake target 'all'.
remake[2]: Entering directory '/home/jhlee/gitsrc/ComponentDB-env/ComponentDB-src/src/java'
../../tools/make/RULES_CDB:5: target 'all' does not exist
##>>>>>>>>>>>>>>>>>>>>>>>>>>>>>>>>>>>>>>>>>>>>>>>>>>>>>>>>
for d in CdbWebPortal; do remake -C $d ; done
##<<<<<<<<<<<<<<<<<<<<<<<<<<<<<<<<<<<<<<<<<<<<<<<<<<<<<<<<
Reading makefiles...
Updating goal targets....
 File 'all' does not exist.
   File 'dist' does not exist.
  Must remake target 'dist'.
remake[3]: Entering directory '/home/jhlee/gitsrc/ComponentDB-env/ComponentDB-src/src/java/CdbWebPortal'
Makefile:23: target 'dist' does not exist
##>>>>>>>>>>>>>>>>>>>>>>>>>>>>>>>>>>>>>>>>>>>>>>>>>>>>>>>>
python ../../../tools/developer_tools/cdb_plugins/update_plugin_generated_files.py cdb 0
##<<<<<<<<<<<<<<<<<<<<<<<<<<<<<<<<<<<<<<<<<<<<<<<<<<<<<<<<
Using XHTML Dist Path /home/jhlee/gitsrc/ComponentDB-env/ComponentDB-src/src/java/CdbWebPortal/web/views/plugins/private
Using JAVA Dist Path /home/jhlee/gitsrc/ComponentDB-env/ComponentDB-src/src/java/CdbWebPortal/src/java/gov/anl/aps/cdb/portal/plugins/support
Using Python Dist Path /home/jhlee/gitsrc/ComponentDB-env/ComponentDB-src/src/python/cdb/cdb_web_service/plugins
Updating auto-generated CDB plugin files
##>>>>>>>>>>>>>>>>>>>>>>>>>>>>>>>>>>>>>>>>>>>>>>>>>>>>>>>>
if [ -f nbproject/private/private.properties ]; then mv nbproject/private/private.properties nbproject/private/private.properties.orig; fi
##<<<<<<<<<<<<<<<<<<<<<<<<<<<<<<<<<<<<<<<<<<<<<<<<<<<<<<<<
##>>>>>>>>>>>>>>>>>>>>>>>>>>>>>>>>>>>>>>>>>>>>>>>>>>>>>>>>
cmd="cat nbproject/private/private.properties.generic.build | sed 's?CDB_GLASSFISH_DIR?${CDB_GLASSFISH_DIR}?g' > nbproject/private/private.properties" && eval $cmd
##<<<<<<<<<<<<<<<<<<<<<<<<<<<<<<<<<<<<<<<<<<<<<<<<<<<<<<<<
##>>>>>>>>>>>>>>>>>>>>>>>>>>>>>>>>>>>>>>>>>>>>>>>>>>>>>>>>
cmd="cat web/WEB-INF/glassfish-web.xml.template | sed 's?CDB_DATA_DIR?/cdb?g' > web/WEB-INF/glassfish-web.xml" && eval $cmd
##<<<<<<<<<<<<<<<<<<<<<<<<<<<<<<<<<<<<<<<<<<<<<<<<<<<<<<<<
##>>>>>>>>>>>>>>>>>>>>>>>>>>>>>>>>>>>>>>>>>>>>>>>>>>>>>>>>
cmd="cat src/java/cdb.portal.properties.template | sed 's?CDB_DATA_DIR?/cdb?g' > src/java/cdb.portal.properties" && eval $cmd
##<<<<<<<<<<<<<<<<<<<<<<<<<<<<<<<<<<<<<<<<<<<<<<<<<<<<<<<<
##>>>>>>>>>>>>>>>>>>>>>>>>>>>>>>>>>>>>>>>>>>>>>>>>>>>>>>>>
cdb-ant -Dlibs.CopyLibs.classpath=lib/org-netbeans-modules-java-j2seproject-copylibstask.jar  dist 
##<<<<<<<<<<<<<<<<<<<<<<<<<<<<<<<<<<<<<<<<<<<<<<<<<<<<<<<<
Buildfile: /home/jhlee/gitsrc/ComponentDB-env/ComponentDB-src/src/java/CdbWebPortal/build.xml

-pre-init:

-init-private:

-init-user:

-init-project:

-init-macrodef-property:

-do-init:

-post-init:

-init-check:

-init-ap-cmdline-properties:

-init-macrodef-javac-with-processors:

-init-macrodef-javac-without-processors:

-init-macrodef-javac:

-init-macrodef-test-impl:

-init-macrodef-junit-init:

-init-macrodef-junit-single:

-init-test-properties:

-init-macrodef-junit-batch:

-init-macrodef-junit:

-init-macrodef-junit-impl:

-init-macrodef-testng:

-init-macrodef-testng-impl:

-init-macrodef-test:

-init-macrodef-junit-debug:

-init-macrodef-junit-debug-batch:

-init-macrodef-junit-debug-impl:

-init-macrodef-test-debug-junit:

-init-macrodef-testng-debug:

-init-macrodef-testng-debug-impl:

-init-macrodef-test-debug-testng:

-init-macrodef-test-debug:

-init-macrodef-java:

-init-debug-args:

-init-macrodef-nbjpda:

-init-macrodef-nbjsdebug:

-init-macrodef-debug:

-init-taskdefs:

-init-ap-cmdline-supported:

-init-ap-cmdline:

init:

deps-module-jar:

deps-ear-jar:

deps-jar:

-pre-pre-compile:
    [mkdir] Created dir: /home/jhlee/gitsrc/ComponentDB-env/ComponentDB-src/src/java/CdbWebPortal/build/web/WEB-INF/classes

-pre-compile:

-copy-manifest:
    [mkdir] Created dir: /home/jhlee/gitsrc/ComponentDB-env/ComponentDB-src/src/java/CdbWebPortal/build/web/META-INF
     [copy] Copying 1 file to /home/jhlee/gitsrc/ComponentDB-env/ComponentDB-src/src/java/CdbWebPortal/build/web/META-INF

-copy-persistence-xml:
    [mkdir] Created dir: /home/jhlee/gitsrc/ComponentDB-env/ComponentDB-src/src/java/CdbWebPortal/build/web/WEB-INF/classes/META-INF
     [copy] Copying 1 file to /home/jhlee/gitsrc/ComponentDB-env/ComponentDB-src/src/java/CdbWebPortal/build/web/WEB-INF/classes/META-INF

-copy-webdir:
     [copy] Copying 831 files to /home/jhlee/gitsrc/ComponentDB-env/ComponentDB-src/src/java/CdbWebPortal/build/web

library-inclusion-in-archive:
     [copy] Copying 1 file to /home/jhlee/gitsrc/ComponentDB-env/ComponentDB-src/src/java/CdbWebPortal/build/web/WEB-INF/lib
     [copy] Copying 1 file to /home/jhlee/gitsrc/ComponentDB-env/ComponentDB-src/src/java/CdbWebPortal/build/web/WEB-INF/lib
     [copy] Copying 1 file to /home/jhlee/gitsrc/ComponentDB-env/ComponentDB-src/src/java/CdbWebPortal/build/web/WEB-INF/lib
     [copy] Copying 1 file to /home/jhlee/gitsrc/ComponentDB-env/ComponentDB-src/src/java/CdbWebPortal/build/web/WEB-INF/lib
     [copy] Copying 1 file to /home/jhlee/gitsrc/ComponentDB-env/ComponentDB-src/src/java/CdbWebPortal/build/web/WEB-INF/lib
     [copy] Copying 1 file to /home/jhlee/gitsrc/ComponentDB-env/ComponentDB-src/src/java/CdbWebPortal/build/web/WEB-INF/lib
     [copy] Copying 1 file to /home/jhlee/gitsrc/ComponentDB-env/ComponentDB-src/src/java/CdbWebPortal/build/web/WEB-INF/lib
     [copy] Copying 1 file to /home/jhlee/gitsrc/ComponentDB-env/ComponentDB-src/src/java/CdbWebPortal/build/web/WEB-INF/lib
     [copy] Copying 1 file to /home/jhlee/gitsrc/ComponentDB-env/ComponentDB-src/src/java/CdbWebPortal/build/web/WEB-INF/lib
     [copy] Copying 1 file to /home/jhlee/gitsrc/ComponentDB-env/ComponentDB-src/src/java/CdbWebPortal/build/web/WEB-INF/lib
     [copy] Copying 1 file to /home/jhlee/gitsrc/ComponentDB-env/ComponentDB-src/src/java/CdbWebPortal/build/web/WEB-INF/lib
     [copy] Copying 1 file to /home/jhlee/gitsrc/ComponentDB-env/ComponentDB-src/src/java/CdbWebPortal/build/web/WEB-INF/lib
     [copy] Copying 1 file to /home/jhlee/gitsrc/ComponentDB-env/ComponentDB-src/src/java/CdbWebPortal/build/web/WEB-INF/lib
     [copy] Copying 1 file to /home/jhlee/gitsrc/ComponentDB-env/ComponentDB-src/src/java/CdbWebPortal/build/web/WEB-INF/lib
     [copy] Copying 1 file to /home/jhlee/gitsrc/ComponentDB-env/ComponentDB-src/src/java/CdbWebPortal/build/web/WEB-INF/lib
     [copy] Copying 1 file to /home/jhlee/gitsrc/ComponentDB-env/ComponentDB-src/src/java/CdbWebPortal/build/web/WEB-INF/lib
     [copy] Copying 1 file to /home/jhlee/gitsrc/ComponentDB-env/ComponentDB-src/src/java/CdbWebPortal/build/web/WEB-INF/lib
     [copy] Copying 1 file to /home/jhlee/gitsrc/ComponentDB-env/ComponentDB-src/src/java/CdbWebPortal/build/web/WEB-INF/lib
     [copy] Copying 1 file to /home/jhlee/gitsrc/ComponentDB-env/ComponentDB-src/src/java/CdbWebPortal/build/web/WEB-INF/lib
     [copy] Copying 1 file to /home/jhlee/gitsrc/ComponentDB-env/ComponentDB-src/src/java/CdbWebPortal/build/web/WEB-INF/lib
     [copy] Copying 1 file to /home/jhlee/gitsrc/ComponentDB-env/ComponentDB-src/src/java/CdbWebPortal/build/web/WEB-INF/lib
     [copy] Copying 1 file to /home/jhlee/gitsrc/ComponentDB-env/ComponentDB-src/src/java/CdbWebPortal/build/web/WEB-INF/lib
     [copy] Copying 1 file to /home/jhlee/gitsrc/ComponentDB-env/ComponentDB-src/src/java/CdbWebPortal/build/web/WEB-INF/lib
     [copy] Copying 1 file to /home/jhlee/gitsrc/ComponentDB-env/ComponentDB-src/src/java/CdbWebPortal/build/web/WEB-INF/lib
     [copy] Copying 1 file to /home/jhlee/gitsrc/ComponentDB-env/ComponentDB-src/src/java/CdbWebPortal/build/web/WEB-INF/lib
     [copy] Copying 1 file to /home/jhlee/gitsrc/ComponentDB-env/ComponentDB-src/src/java/CdbWebPortal/build/web/WEB-INF/lib
     [copy] Copying 1 file to /home/jhlee/gitsrc/ComponentDB-env/ComponentDB-src/src/java/CdbWebPortal/build/web/WEB-INF/lib
     [copy] Copying 1 file to /home/jhlee/gitsrc/ComponentDB-env/ComponentDB-src/src/java/CdbWebPortal/build/web/WEB-INF/lib
     [copy] Copying 1 file to /home/jhlee/gitsrc/ComponentDB-env/ComponentDB-src/src/java/CdbWebPortal/build/web/WEB-INF/lib
     [copy] Copying 1 file to /home/jhlee/gitsrc/ComponentDB-env/ComponentDB-src/src/java/CdbWebPortal/build/web/WEB-INF/lib
     [copy] Copying 1 file to /home/jhlee/gitsrc/ComponentDB-env/ComponentDB-src/src/java/CdbWebPortal/build/web/WEB-INF/lib
     [copy] Copying 1 file to /home/jhlee/gitsrc/ComponentDB-env/ComponentDB-src/src/java/CdbWebPortal/build/web/WEB-INF/lib
     [copy] Copying 1 file to /home/jhlee/gitsrc/ComponentDB-env/ComponentDB-src/src/java/CdbWebPortal/build/web/WEB-INF/lib
     [copy] Copying 1 file to /home/jhlee/gitsrc/ComponentDB-env/ComponentDB-src/src/java/CdbWebPortal/build/web/WEB-INF/lib
     [copy] Copying 1 file to /home/jhlee/gitsrc/ComponentDB-env/ComponentDB-src/src/java/CdbWebPortal/build/web/WEB-INF/lib
     [copy] Copying 1 file to /home/jhlee/gitsrc/ComponentDB-env/ComponentDB-src/src/java/CdbWebPortal/build/web/WEB-INF/lib
     [copy] Copying 1 file to /home/jhlee/gitsrc/ComponentDB-env/ComponentDB-src/src/java/CdbWebPortal/build/web/WEB-INF/lib
     [copy] Copying 1 file to /home/jhlee/gitsrc/ComponentDB-env/ComponentDB-src/src/java/CdbWebPortal/build/web/WEB-INF/lib
     [copy] Copying 1 file to /home/jhlee/gitsrc/ComponentDB-env/ComponentDB-src/src/java/CdbWebPortal/build/web/WEB-INF/lib
     [copy] Copying 1 file to /home/jhlee/gitsrc/ComponentDB-env/ComponentDB-src/src/java/CdbWebPortal/build/web/WEB-INF/lib
     [copy] Copying 1 file to /home/jhlee/gitsrc/ComponentDB-env/ComponentDB-src/src/java/CdbWebPortal/build/web/WEB-INF/lib
     [copy] Copying 1 file to /home/jhlee/gitsrc/ComponentDB-env/ComponentDB-src/src/java/CdbWebPortal/build/web/WEB-INF/lib
     [copy] Copying 1 file to /home/jhlee/gitsrc/ComponentDB-env/ComponentDB-src/src/java/CdbWebPortal/build/web/WEB-INF/lib
     [copy] Copying 1 file to /home/jhlee/gitsrc/ComponentDB-env/ComponentDB-src/src/java/CdbWebPortal/build/web/WEB-INF/lib
     [copy] Copying 1 file to /home/jhlee/gitsrc/ComponentDB-env/ComponentDB-src/src/java/CdbWebPortal/build/web/WEB-INF/lib
     [copy] Copying 1 file to /home/jhlee/gitsrc/ComponentDB-env/ComponentDB-src/src/java/CdbWebPortal/build/web/WEB-INF/lib

library-inclusion-in-manifest:

-do-compile:
    [mkdir] Created dir: /home/jhlee/gitsrc/ComponentDB-env/ComponentDB-src/src/java/CdbWebPortal/build/empty
    [mkdir] Created dir: /home/jhlee/gitsrc/ComponentDB-env/ComponentDB-src/src/java/CdbWebPortal/build/generated-sources/ap-source-output
    [javac] Compiling 394 source files to /home/jhlee/gitsrc/ComponentDB-env/ComponentDB-src/src/java/CdbWebPortal/build/web/WEB-INF/classes
    [javac] Note: Some input files use or override a deprecated API.
    [javac] Note: Recompile with -Xlint:deprecation for details.
    [javac] Note: Some input files use unchecked or unsafe operations.
    [javac] Note: Recompile with -Xlint:unchecked for details.
     [copy] Copying 5 files to /home/jhlee/gitsrc/ComponentDB-env/ComponentDB-src/src/java/CdbWebPortal/build/web/WEB-INF/classes

-post-compile:

compile:

-pre-dist:

compile-jsps:

-do-dist-with-manifest:
    [mkdir] Created dir: /home/jhlee/gitsrc/ComponentDB-env/ComponentDB-src/src/java/CdbWebPortal/dist
      [jar] Building jar: /home/jhlee/gitsrc/ComponentDB-env/ComponentDB-src/src/java/CdbWebPortal/dist/CdbWebPortal.war

-do-dist-without-manifest:

do-dist:

-post-dist:

dist:

BUILD SUCCESSFUL
Total time: 6 seconds
##>>>>>>>>>>>>>>>>>>>>>>>>>>>>>>>>>>>>>>>>>>>>>>>>>>>>>>>>
if [ -f nbproject/private/private.properties.orig ]; then mv nbproject/private/private.properties.orig nbproject/private/private.properties; fi
##<<<<<<<<<<<<<<<<<<<<<<<<<<<<<<<<<<<<<<<<<<<<<<<<<<<<<<<<
  Successfully remade target file 'dist'.
Must remake target 'all'.
Successfully remade target file 'all'.
remake[3]: Leaving directory '/home/jhlee/gitsrc/ComponentDB-env/ComponentDB-src/src/java/CdbWebPortal'
Successfully remade target file 'all'.
remake[2]: Leaving directory '/home/jhlee/gitsrc/ComponentDB-env/ComponentDB-src/src/java'
Reading makefiles...
Updating goal targets....
 File 'all' does not exist.
   File 'dist' does not exist.
  Must remake target 'dist'.
  Successfully remade target file 'dist'.
Must remake target 'all'.
Successfully remade target file 'all'.
remake[2]: Entering directory '/home/jhlee/gitsrc/ComponentDB-env/ComponentDB-src/src/python'
remake[2]: Nothing to be done for 'all'.
remake[2]: Leaving directory '/home/jhlee/gitsrc/ComponentDB-env/ComponentDB-src/src/python'
Successfully remade target file 'all'.
remake[1]: Leaving directory '/home/jhlee/gitsrc/ComponentDB-env/ComponentDB-src/src'
Successfully remade target file 'dist'.
